[    3240ms] [INFO] %cDownload the React DevTools for a better development experience: https://reactjs.org/link/react-devtools font-weight:bold @ webpack-internal:///(app-pages-browser)/./node_modules/next/dist/compiled/react-dom/cjs/react-dom.development.js:38559
[    3673ms] [ERROR] Failed to load resource: the server responded with a status of 404 () @ https://grainy-gradients.vercel.app/noise.svg:0
[    3689ms] [ERROR] Failed to load resource: the server responded with a status of 404 (Not Found) @ http://localhost:3000/favicon.ico:0
[   32723ms] [ERROR] Failed to load resource: the server responded with a status of 404 () @ https://grainy-gradients.vercel.app/noise.svg:0
[   32913ms] [INFO] %cDownload the React DevTools for a better development experience: https://reactjs.org/link/react-devtools font-weight:bold @ webpack-internal:///(app-pages-browser)/./node_modules/next/dist/compiled/react-dom/cjs/react-dom.development.js:38559
[   53239ms] [ERROR] Failed to load resource: the server responded with a status of 404 () @ https://grainy-gradients.vercel.app/noise.svg:0
[   53384ms] [INFO] %cDownload the React DevTools for a better development experience: https://reactjs.org/link/react-devtools font-weight:bold @ webpack-internal:///(app-pages-browser)/./node_modules/next/dist/compiled/react-dom/cjs/react-dom.development.js:38559
[   66211ms] [LOG] [Fast Refresh] rebuilding @ webpack-internal:///(app-pages-browser)/./node_modules/next/dist/client/components/react-dev-overlay/app/hot-reloader-client.js:186
[   66691ms] [LOG] [Fast Refresh] done in 480ms @ webpack-internal:///(app-pages-browser)/./node_modules/next/dist/client/components/react-dev-overlay/app/hot-reloader-client.js:43
[   66818ms] [ERROR] Failed to load resource: the server responded with a status of 404 () @ https://grainy-gradients.vercel.app/noise.svg:0
[   66993ms] [INFO] %cDownload the React DevTools for a better development experience: https://reactjs.org/link/react-devtools font-weight:bold @ webpack-internal:///(app-pages-browser)/./node_modules/next/dist/compiled/react-dom/cjs/react-dom.development.js:38559
[   79841ms] [INFO] %cDownload the React DevTools for a better development experience: https://reactjs.org/link/react-devtools font-weight:bold @ webpack-internal:///(app-pages-browser)/./node_modules/next/dist/compiled/react-dom/cjs/react-dom.development.js:38559
[   79862ms] [ERROR] Failed to load resource: the server responded with a status of 404 () @ https://grainy-gradients.vercel.app/noise.svg:0
[   81281ms] [LOG] [Fast Refresh] rebuilding @ webpack-internal:///(app-pages-browser)/./node_modules/next/dist/client/components/react-dev-overlay/app/hot-reloader-client.js:186
[   81503ms] [LOG] [Fast Refresh] done in 223ms @ webpack-internal:///(app-pages-browser)/./node_modules/next/dist/client/components/react-dev-overlay/app/hot-reloader-client.js:43
[   81820ms] [INFO] %cDownload the React DevTools for a better development experience: https://reactjs.org/link/react-devtools font-weight:bold @ webpack-internal:///(app-pages-browser)/./node_modules/next/dist/compiled/react-dom/cjs/react-dom.development.js:38559
[   81854ms] [ERROR] Failed to load resource: the server responded with a status of 404 () @ https://grainy-gradients.vercel.app/noise.svg:0
[   93616ms] [LOG] [Fast Refresh] rebuilding @ webpack-internal:///(app-pages-browser)/./node_modules/next/dist/client/components/react-dev-overlay/app/hot-reloader-client.js:186
[   93839ms] [LOG] [Fast Refresh] done in 223ms @ webpack-internal:///(app-pages-browser)/./node_modules/next/dist/client/components/react-dev-overlay/app/hot-reloader-client.js:43
[   94019ms] [ERROR] Failed to load resource: the server responded with a status of 404 () @ https://grainy-gradients.vercel.app/noise.svg:0
[  102277ms] [ERROR] Failed to load resource: the server responded with a status of 404 () @ https://grainy-gradients.vercel.app/noise.svg:0
[  103210ms] [LOG] [Fast Refresh] rebuilding @ webpack-internal:///(app-pages-browser)/./node_modules/next/dist/client/components/react-dev-overlay/app/hot-reloader-client.js:186
[  103449ms] [LOG] [Fast Refresh] done in 239ms @ webpack-internal:///(app-pages-browser)/./node_modules/next/dist/client/components/react-dev-overlay/app/hot-reloader-client.js:43
[  103743ms] [ERROR] Failed to load resource: the server responded with a status of 404 () @ https://grainy-gradients.vercel.app/noise.svg:0
[  111914ms] [ERROR] Failed to load resource: the server responded with a status of 404 () @ https://grainy-gradients.vercel.app/noise.svg:0
[  113895ms] [INFO] %cDownload the React DevTools for a better development experience: https://reactjs.org/link/react-devtools font-weight:bold @ webpack-internal:///(app-pages-browser)/./node_modules/next/dist/compiled/react-dom/cjs/react-dom.development.js:38559
[  113934ms] [ERROR] Failed to load resource: the server responded with a status of 404 () @ https://grainy-gradients.vercel.app/noise.svg:0
[  121864ms] [ERROR] Failed to load resource: the server responded with a status of 404 () @ https://grainy-gradients.vercel.app/noise.svg:0
[  122028ms] [INFO] %cDownload the React DevTools for a better development experience: https://reactjs.org/link/react-devtools font-weight:bold @ webpack-internal:///(app-pages-browser)/./node_modules/next/dist/compiled/react-dom/cjs/react-dom.development.js:38559
[  126819ms] [LOG] [Fast Refresh] rebuilding @ webpack-internal:///(app-pages-browser)/./node_modules/next/dist/client/components/react-dev-overlay/app/hot-reloader-client.js:186
[  127035ms] [LOG] [Fast Refresh] done in 216ms @ webpack-internal:///(app-pages-browser)/./node_modules/next/dist/client/components/react-dev-overlay/app/hot-reloader-client.js:43
[  127209ms] [ERROR] Failed to load resource: the server responded with a status of 404 () @ https://grainy-gradients.vercel.app/noise.svg:0
[  136664ms] [ERROR] Failed to load resource: the server responded with a status of 404 () @ https://grainy-gradients.vercel.app/noise.svg:0
[  144722ms] [LOG] [Fast Refresh] rebuilding @ webpack-internal:///(app-pages-browser)/./node_modules/next/dist/client/components/react-dev-overlay/app/hot-reloader-client.js:186
[  144965ms] [LOG] [Fast Refresh] done in 243ms @ webpack-internal:///(app-pages-browser)/./node_modules/next/dist/client/components/react-dev-overlay/app/hot-reloader-client.js:43
[  145205ms] [ERROR] Failed to load resource: the server responded with a status of 404 () @ https://grainy-gradients.vercel.app/noise.svg:0
[  152885ms] [ERROR] Failed to load resource: the server responded with a status of 404 () @ https://grainy-gradients.vercel.app/noise.svg:0
[  153091ms] [INFO] %cDownload the React DevTools for a better development experience: https://reactjs.org/link/react-devtools font-weight:bold @ webpack-internal:///(app-pages-browser)/./node_modules/next/dist/compiled/react-dom/cjs/react-dom.development.js:38559
